[2021-03-13T15:08:22.078] [DEBUG] cheese - [Object: null prototype] { username: 'huanghuang', password: '123' }
[2021-03-13T15:31:00.635] [DEBUG] cheese - [Object: null prototype] {
  province: '上海',
  city: '上海',
  district: '宝山区',
  address: '同济支路199号智慧七立方3号楼2-4层',
  latitude: '43',
  longitude: '160',
  message: '求购一条小鱼',
  contact: '13666666',
  type: 'sell',
  time: '1571217561'
}
[2021-03-13T15:31:19.610] [DEBUG] cheese - [Object: null prototype] {
  province: '上海',
  city: '上海',
  district: '宝山区',
  address: '同济支路199号智慧七立方3号楼2-4层',
  latitude: '43',
  longitude: '160',
  message: '求购一条小鱼',
  contact: '13666666',
  type: 'sell',
  time: '1571217561'
}
[2021-03-13T15:31:19.770] [DEBUG] cheese - [Object: null prototype] {
  province: '上海',
  city: '上海',
  district: '宝山区',
  address: '同济支路199号智慧七立方3号楼2-4层',
  latitude: '43',
  longitude: '160',
  message: '求购一条小鱼',
  contact: '13666666',
  type: 'sell',
  time: '1571217561'
}
[2021-03-13T15:31:19.967] [DEBUG] cheese - [Object: null prototype] {
  province: '上海',
  city: '上海',
  district: '宝山区',
  address: '同济支路199号智慧七立方3号楼2-4层',
  latitude: '43',
  longitude: '160',
  message: '求购一条小鱼',
  contact: '13666666',
  type: 'sell',
  time: '1571217561'
}
[2021-03-13T15:31:20.146] [DEBUG] cheese - [Object: null prototype] {
  province: '上海',
  city: '上海',
  district: '宝山区',
  address: '同济支路199号智慧七立方3号楼2-4层',
  latitude: '43',
  longitude: '160',
  message: '求购一条小鱼',
  contact: '13666666',
  type: 'sell',
  time: '1571217561'
}
[2021-03-13T15:31:20.718] [DEBUG] cheese - [Object: null prototype] {
  province: '上海',
  city: '上海',
  district: '宝山区',
  address: '同济支路199号智慧七立方3号楼2-4层',
  latitude: '43',
  longitude: '160',
  message: '求购一条小鱼',
  contact: '13666666',
  type: 'sell',
  time: '1571217561'
}
[2021-03-13T15:31:20.865] [DEBUG] cheese - [Object: null prototype] {
  province: '上海',
  city: '上海',
  district: '宝山区',
  address: '同济支路199号智慧七立方3号楼2-4层',
  latitude: '43',
  longitude: '160',
  message: '求购一条小鱼',
  contact: '13666666',
  type: 'sell',
  time: '1571217561'
}
[2021-03-13T15:31:21.048] [DEBUG] cheese - [Object: null prototype] {
  province: '上海',
  city: '上海',
  district: '宝山区',
  address: '同济支路199号智慧七立方3号楼2-4层',
  latitude: '43',
  longitude: '160',
  message: '求购一条小鱼',
  contact: '13666666',
  type: 'sell',
  time: '1571217561'
}
[2021-03-13T15:31:21.204] [DEBUG] cheese - [Object: null prototype] {
  province: '上海',
  city: '上海',
  district: '宝山区',
  address: '同济支路199号智慧七立方3号楼2-4层',
  latitude: '43',
  longitude: '160',
  message: '求购一条小鱼',
  contact: '13666666',
  type: 'sell',
  time: '1571217561'
}
